<?xml version='1.0' encoding='utf-8'?>
<testsuites>
  <testsuite name="t_00_critic_t" errors="0" failures="0" tests="4" time="0.64640998840332">
    <system-out>1..4
ok 1 - Test::Perl::Critic for &quot;bin/adif-dumper&quot;
ok 2 - Test::Perl::Critic for &quot;lib/Ham/ADIF.pm&quot;
ok 3 - Test::Perl::Critic for &quot;lib/Ham/ADIF/ADI.pm&quot;
ok 4 - Test::Perl::Critic for &quot;lib/Ham/ADIF/ADX.pm&quot;
</system-out>
    <testcase name="Test::Perl::Critic for &quot;bin/adif-dumper&quot;" classname="t_00_critic_t" time="0.150382995605469" />
    <testcase name="Test::Perl::Critic for &quot;lib/Ham/ADIF.pm&quot;" classname="t_00_critic_t" time="0.161981821060181" />
    <testcase name="Test::Perl::Critic for &quot;lib/Ham/ADIF/ADI.pm&quot;" classname="t_00_critic_t" time="0.174658060073853" />
    <testcase name="Test::Perl::Critic for &quot;lib/Ham/ADIF/ADX.pm&quot;" classname="t_00_critic_t" time="0.149486064910889" />
  </testsuite>
  <testsuite name="t_10_ham_adif_t" errors="0" failures="0" tests="4" time="0.0908560752868652">
    <system-out>1..4
ok 1 - use Ham::ADIF;
ok 2 - ADIF parsing: standard + user-defined fields processed
ok 3 - ADI parsing: real example file from F4BKV
ok 4 - VE3LYC ClubLog QSO_DATE:8:D data type
</system-out>
    <testcase name="use Ham::ADIF;" classname="t_10_ham_adif_t" time="0.0666248798370361" />
    <testcase name="ADIF parsing: standard + user-defined fields processed" classname="t_10_ham_adif_t" time="0.0180940628051758" />
    <testcase name="ADI parsing: real example file from F4BKV" classname="t_10_ham_adif_t" time="0.000178098678588867" />
    <testcase name="VE3LYC ClubLog QSO_DATE:8:D data type" classname="t_10_ham_adif_t" time="0.00163888931274414" />
  </testsuite>
  <testsuite name="t_00_pod_t" errors="0" failures="0" tests="4" time="0.00966596603393555">
    <system-out>1..4
ok 1 - POD test for blib/lib/Ham/ADIF.pm
ok 2 - POD test for blib/lib/Ham/ADIF/ADI.pm
ok 3 - POD test for blib/lib/Ham/ADIF/ADX.pm
ok 4 - POD test for blib/script/adif-dumper (no pod)
</system-out>
    <testcase name="POD test for blib/lib/Ham/ADIF.pm" classname="t_00_pod_t" time="0.00878405570983887" />
    <testcase name="POD test for blib/lib/Ham/ADIF/ADI.pm" classname="t_00_pod_t" time="0.000324010848999023" />
    <testcase name="POD test for blib/lib/Ham/ADIF/ADX.pm" classname="t_00_pod_t" time="0.000147819519042969" />
    <testcase name="POD test for blib/script/adif-dumper (no pod)" classname="t_00_pod_t" time="0.000138998031616211" />
  </testsuite>
  <testsuite name="t_00_distribution_t" errors="0" failures="0" tests="17" time="0.138855934143066">
    <system-out>1..17
ok 1 - Checking MANIFEST integrity
ok 2 - use Ham::ADIF;
ok 3 - use Ham::ADIF::ADI;
ok 4 - use Ham::ADIF::ADX;
ok 5 - Ham::ADIF defines a version
ok 6 - Ham::ADIF::ADI defines a version
ok 7 - Ham::ADIF::ADX defines a version
ok 8 - POD test for blib/lib/Ham/ADIF.pm
ok 9 - POD test for blib/lib/Ham/ADIF/ADI.pm
ok 10 - POD test for blib/lib/Ham/ADIF/ADX.pm
ok 11 - MANIFEST exists
ok 12 - README exists
ok 13 - Changes(.pod)? or ChangeLog(.pod)? exists
ok 14 - Build.PL or Makefile.PL exists
ok 15 - Pod Coverage ok
ok 16 - Pod Coverage ok
ok 17 - Pod Coverage ok
</system-out>
    <testcase name="Checking MANIFEST integrity" classname="t_00_distribution_t" time="0.0608410835266113" />
    <testcase name="use Ham::ADIF; (2)" classname="t_00_distribution_t" time="0.000257015228271484" />
    <testcase name="use Ham::ADIF::ADI; (2)" classname="t_00_distribution_t" time="0.00695586204528809" />
    <testcase name="use Ham::ADIF::ADX; (2)" classname="t_00_distribution_t" time="0.000158071517944336" />
    <testcase name="Ham::ADIF defines a version (2)" classname="t_00_distribution_t" time="0.000142097473144531" />
    <testcase name="Ham::ADIF::ADI defines a version (2)" classname="t_00_distribution_t" time="0.000138998031616211" />
    <testcase name="Ham::ADIF::ADX defines a version (2)" classname="t_00_distribution_t" time="0.0359759330749512" />
    <testcase name="POD test for blib/lib/Ham/ADIF.pm (2)" classname="t_00_distribution_t" time="0.000370979309082031" />
    <testcase name="POD test for blib/lib/Ham/ADIF/ADI.pm (2)" classname="t_00_distribution_t" time="0.00392794609069824" />
    <testcase name="POD test for blib/lib/Ham/ADIF/ADX.pm (2)" classname="t_00_distribution_t" time="0.00335001945495605" />
    <testcase name="MANIFEST exists (2)" classname="t_00_distribution_t" time="0.000252008438110352" />
    <testcase name="README exists (2)" classname="t_00_distribution_t" time="0.000681161880493164" />
    <testcase name="Changes(.pod)? or ChangeLog(.pod)? exists (2)" classname="t_00_distribution_t" time="0.0205807685852051" />
    <testcase name="Build.PL or Makefile.PL exists (2)" classname="t_00_distribution_t" time="0.000210046768188477" />
    <testcase name="Pod Coverage ok (2)" classname="t_00_distribution_t" time="0.000133037567138672" />
    <testcase name="Pod Coverage ok (3)" classname="t_00_distribution_t" time="0.00134110450744629" />
    <testcase name="Pod Coverage ok (4)" classname="t_00_distribution_t" time="0.00126886367797852" />
  </testsuite>
  <testsuite name="t_00_compile_pl_t" errors="0" failures="0" tests="1" time="0.140499114990234">
    <system-out>1..1
bin/adif-dumper syntax OK
ok 1 - Compile test for bin/adif-dumper
</system-out>
    <testcase name="Compile test for bin/adif-dumper (4)" classname="t_00_compile_pl_t" time="0.00571703910827637" />
  </testsuite>
  <testsuite name="t_00_compile_pm_t" errors="0" failures="0" tests="3" time="0.211350917816162">
    <system-out>1..3
ok 1 - Compile test for blib/lib/Ham/ADIF.pm
ok 2 - Compile test for blib/lib/Ham/ADIF/ADI.pm
ok 3 - Compile test for blib/lib/Ham/ADIF/ADX.pm
</system-out>
    <testcase name="Compile test for blib/lib/Ham/ADIF.pm (4)" classname="t_00_compile_pm_t" time="0.0908639430999756" />
    <testcase name="Compile test for blib/lib/Ham/ADIF/ADI.pm (4)" classname="t_00_compile_pm_t" time="0.061614990234375" />
    <testcase name="Compile test for blib/lib/Ham/ADIF/ADX.pm (4)" classname="t_00_compile_pm_t" time="0.0578329563140869" />
  </testsuite>
  <testsuite name="t_00_podcoverage_t" errors="0" failures="0" tests="3" time="0.0966360569000244">
    <system-out>1..3
ok 1 - Pod coverage on Ham::ADIF
ok 2 - Pod coverage on Ham::ADIF::ADI
ok 3 - Pod coverage on Ham::ADIF::ADX
</system-out>
    <testcase name="Pod coverage on Ham::ADIF (4)" classname="t_00_podcoverage_t" time="0.0886340141296387" />
    <testcase name="Pod coverage on Ham::ADIF::ADI (4)" classname="t_00_podcoverage_t" time="0.00727295875549316" />
    <testcase name="Pod coverage on Ham::ADIF::ADX (4)" classname="t_00_podcoverage_t" time="0.000319004058837891" />
  </testsuite>
</testsuites>
